<?xml version='1.0'?>
<ns2:test-suite xmlns:ns2='urn:model.allure.qatools.yandex.ru' start='1635180217908' stop='1635180219529'>
    <name>login to the admin panel</name>
    <title>login to the admin panel</title>
    <test-cases>
        <test-case start='1635180217909' status='broken' stop='1635180218194'>
            <name>enter username</name>
            <title>enter username</title>
            <labels>
                <label name='language' value='javascript'/>
                <label name='framework' value='wdio'/>
                <label name='thread' value='0-0'/>
            </labels>
            <parameters>
                <parameter kind='argument' name='browser' value='chrome-94.0.4606.81'/>
            </parameters>
            <steps>
                <step start='1635180217945' status='broken' stop='1635180218193'>
                    <name>GET /session/:sessionId/screenshot</name>
                    <title>GET /session/:sessionId/screenshot</title>
                    <attachments/>
                    <steps>
                        <step start='1635180217955' status='passed' stop='1635180218191'>
                            <name>POST /session/:sessionId/url</name>
                            <title>POST /session/:sessionId/url</title>
                            <attachments>
                                <attachment title='Request' source='eb8fa8e7-a6c7-47bd-a422-6a15c536b2ec-attachment.json' type='application/json' size='83'/>
                                <attachment title='Screenshot' source='7ded2f92-1509-41ab-b305-66515497c5cc-attachment.png' type='image/png' size='4228'/>
                            </attachments>
                            <steps/>
                        </step>
                    </steps>
                </step>
            </steps>
            <attachments/>
            <failure>
                <message>this.username.setValue is not a function</message>
                <stack-trace>TypeError: this.username.setValue is not a function
                    at LoginPage.enterUserName (/home/automation/Desktop/webdriver_project/pages/loginpage.js:24:23)
                    at Context.&lt;anonymous> (/home/automation/Desktop/webdriver_project/test/login.spec.js:14:19)
                    at Context.executeAsync (/home/automation/Desktop/webdriver_project/node_modules/@wdio/mocha-framework/node_modules/@wdio/utils/build/shim.js:325:27)
                    at Context.testFrameworkFnWrapper (/home/automation/Desktop/webdriver_project/node_modules/@wdio/mocha-framework/node_modules/@wdio/utils/build/test-framework/testFnWrapper.js:45:32)</stack-trace>
            </failure>
        </test-case>
        <test-case start='1635180218195' status='broken' stop='1635180219173'>
            <name>enter password</name>
            <title>enter password</title>
            <labels>
                <label name='language' value='javascript'/>
                <label name='framework' value='wdio'/>
                <label name='thread' value='0-0'/>
            </labels>
            <parameters>
                <parameter kind='argument' name='browser' value='chrome-94.0.4606.81'/>
            </parameters>
            <steps>
                <step start='1635180218196' status='passed' stop='1635180219173'>
                    <name>GET /session/:sessionId/screenshot</name>
                    <title>GET /session/:sessionId/screenshot</title>
                    <attachments>
                        <attachment title='Screenshot' source='515296e5-54b3-4621-a1fa-bf11a7964cf4-attachment.png' type='image/png' size='11347'/>
                    </attachments>
                    <steps>
                        <step start='1635180218207' status='passed' stop='1635180219057'>
                            <name>POST /session/:sessionId/url</name>
                            <title>POST /session/:sessionId/url</title>
                            <attachments>
                                <attachment title='Request' source='a57b0f8b-38d2-4284-995a-8d6bb9c03b09-attachment.json' type='application/json' size='83'/>
                            </attachments>
                            <steps/>
                        </step>
                    </steps>
                </step>
            </steps>
            <attachments/>
            <failure>
                <message>this.password.setValue is not a function</message>
                <stack-trace>TypeError: this.password.setValue is not a function
                    at LoginPage.enterPassword (/home/automation/Desktop/webdriver_project/pages/loginpage.js:29:23)
                    at Context.&lt;anonymous> (/home/automation/Desktop/webdriver_project/test/login.spec.js:21:19)
                    at Context.executeAsync (/home/automation/Desktop/webdriver_project/node_modules/@wdio/mocha-framework/node_modules/@wdio/utils/build/shim.js:325:27)
                    at Context.testFrameworkFnWrapper (/home/automation/Desktop/webdriver_project/node_modules/@wdio/mocha-framework/node_modules/@wdio/utils/build/test-framework/testFnWrapper.js:45:32)</stack-trace>
            </failure>
        </test-case>
        <test-case start='1635180219175' status='broken' stop='1635180219524'>
            <name>click on login button</name>
            <title>click on login button</title>
            <labels>
                <label name='language' value='javascript'/>
                <label name='framework' value='wdio'/>
                <label name='thread' value='0-0'/>
            </labels>
            <parameters>
                <parameter kind='argument' name='browser' value='chrome-94.0.4606.81'/>
            </parameters>
            <steps>
                <step start='1635180219178' status='passed' stop='1635180219523'>
                    <name>GET /session/:sessionId/screenshot</name>
                    <title>GET /session/:sessionId/screenshot</title>
                    <attachments>
                        <attachment title='Screenshot' source='f4381add-d75c-45f4-aa17-bddd57b63c05-attachment.png' type='image/png' size='11347'/>
                    </attachments>
                    <steps>
                        <step start='1635180219183' status='passed' stop='1635180219366'>
                            <name>POST /session/:sessionId/url</name>
                            <title>POST /session/:sessionId/url</title>
                            <attachments>
                                <attachment title='Request' source='eb144bae-d0e3-4f34-9610-41c91093701a-attachment.json' type='application/json' size='83'/>
                            </attachments>
                            <steps/>
                        </step>
                    </steps>
                </step>
            </steps>
            <attachments/>
            <failure>
                <message>this.loginBtn.click is not a function</message>
                <stack-trace>TypeError: this.loginBtn.click is not a function
                    at LoginPage.clickOnLoginBtn (/home/automation/Desktop/webdriver_project/pages/loginpage.js:34:23)
                    at Context.&lt;anonymous> (/home/automation/Desktop/webdriver_project/test/login.spec.js:28:19)
                    at Context.executeAsync (/home/automation/Desktop/webdriver_project/node_modules/@wdio/mocha-framework/node_modules/@wdio/utils/build/shim.js:325:27)
                    at Context.testFrameworkFnWrapper (/home/automation/Desktop/webdriver_project/node_modules/@wdio/mocha-framework/node_modules/@wdio/utils/build/test-framework/testFnWrapper.js:45:32)</stack-trace>
            </failure>
        </test-case>
    </test-cases>
</ns2:test-suite>