<?xml version='1.0'?>
<ns2:test-suite xmlns:ns2='urn:model.allure.qatools.yandex.ru' start='1635180157364' stop='1635180159131'>
    <name>login to the admin panel</name>
    <title>login to the admin panel</title>
    <test-cases>
        <test-case start='1635180157365' status='broken' stop='1635180157593'>
            <name>enter username</name>
            <title>enter username</title>
            <labels>
                <label name='language' value='javascript'/>
                <label name='framework' value='wdio'/>
                <label name='thread' value='0-0'/>
            </labels>
            <parameters>
                <parameter kind='argument' name='browser' value='chrome-94.0.4606.81'/>
            </parameters>
            <steps>
                <step start='1635180157402' status='broken' stop='1635180157593'>
                    <name>GET /session/:sessionId/screenshot</name>
                    <title>GET /session/:sessionId/screenshot</title>
                    <attachments/>
                    <steps>
                        <step start='1635180157404' status='passed' stop='1635180157592'>
                            <name>POST /session/:sessionId/url</name>
                            <title>POST /session/:sessionId/url</title>
                            <attachments>
                                <attachment title='Request' source='4323c11a-9527-408a-be60-013a32b6021e-attachment.json' type='application/json' size='83'/>
                                <attachment title='Screenshot' source='85dd86f0-fd79-4c0c-9959-4dbc0478d288-attachment.png' type='image/png' size='4228'/>
                            </attachments>
                            <steps/>
                        </step>
                    </steps>
                </step>
            </steps>
            <attachments/>
            <failure>
                <message>this.username.waitForDisplayed is not a function</message>
                <stack-trace>TypeError: this.username.waitForDisplayed is not a function
                    at LoginPage.enterUserName (/home/automation/Desktop/webdriver_project/pages/loginpage.js:23:23)
                    at Context.&lt;anonymous> (/home/automation/Desktop/webdriver_project/test/login.spec.js:14:19)
                    at Context.executeAsync (/home/automation/Desktop/webdriver_project/node_modules/@wdio/mocha-framework/node_modules/@wdio/utils/build/shim.js:325:27)
                    at Context.testFrameworkFnWrapper (/home/automation/Desktop/webdriver_project/node_modules/@wdio/mocha-framework/node_modules/@wdio/utils/build/test-framework/testFnWrapper.js:45:32)</stack-trace>
            </failure>
        </test-case>
        <test-case start='1635180157594' status='broken' stop='1635180158503'>
            <name>enter password</name>
            <title>enter password</title>
            <labels>
                <label name='language' value='javascript'/>
                <label name='framework' value='wdio'/>
                <label name='thread' value='0-0'/>
            </labels>
            <parameters>
                <parameter kind='argument' name='browser' value='chrome-94.0.4606.81'/>
            </parameters>
            <steps>
                <step start='1635180157595' status='passed' stop='1635180158502'>
                    <name>GET /session/:sessionId/screenshot</name>
                    <title>GET /session/:sessionId/screenshot</title>
                    <attachments>
                        <attachment title='Screenshot' source='d5b8928a-c0ab-4760-9e93-6bf8af7a5917-attachment.png' type='image/png' size='11347'/>
                    </attachments>
                    <steps>
                        <step start='1635180157608' status='passed' stop='1635180158376'>
                            <name>POST /session/:sessionId/url</name>
                            <title>POST /session/:sessionId/url</title>
                            <attachments>
                                <attachment title='Request' source='d4f14c0b-11ef-43b7-b879-6f3b9514ba3e-attachment.json' type='application/json' size='83'/>
                            </attachments>
                            <steps/>
                        </step>
                    </steps>
                </step>
            </steps>
            <attachments/>
            <failure>
                <message>this.password.waitForDisplayed is not a function</message>
                <stack-trace>TypeError: this.password.waitForDisplayed is not a function
                    at LoginPage.enterPassword (/home/automation/Desktop/webdriver_project/pages/loginpage.js:28:23)
                    at Context.&lt;anonymous> (/home/automation/Desktop/webdriver_project/test/login.spec.js:21:19)
                    at Context.executeAsync (/home/automation/Desktop/webdriver_project/node_modules/@wdio/mocha-framework/node_modules/@wdio/utils/build/shim.js:325:27)
                    at Context.testFrameworkFnWrapper (/home/automation/Desktop/webdriver_project/node_modules/@wdio/mocha-framework/node_modules/@wdio/utils/build/test-framework/testFnWrapper.js:45:32)</stack-trace>
            </failure>
        </test-case>
        <test-case start='1635180158504' status='broken' stop='1635180159130'>
            <name>click on login button</name>
            <title>click on login button</title>
            <labels>
                <label name='language' value='javascript'/>
                <label name='framework' value='wdio'/>
                <label name='thread' value='0-0'/>
            </labels>
            <parameters>
                <parameter kind='argument' name='browser' value='chrome-94.0.4606.81'/>
            </parameters>
            <steps>
                <step start='1635180158505' status='passed' stop='1635180158926'>
                    <name>GET /session/:sessionId/screenshot</name>
                    <title>GET /session/:sessionId/screenshot</title>
                    <attachments/>
                    <steps>
                        <step start='1635180158515' status='passed' stop='1635180158722'>
                            <name>POST /session/:sessionId/url</name>
                            <title>POST /session/:sessionId/url</title>
                            <attachments>
                                <attachment title='Request' source='0efbf293-8e5b-4e97-9898-c48d9b906e72-attachment.json' type='application/json' size='83'/>
                            </attachments>
                            <steps/>
                        </step>
                    </steps>
                </step>
            </steps>
            <attachments>
                <attachment title='Screenshot' source='fd1cd199-c83f-4955-b1ec-bc412a048952-attachment.png' type='image/png' size='11347'/>
            </attachments>
            <failure>
                <message>this.loginBtn.waitForDisplayed is not a function</message>
                <stack-trace>TypeError: this.loginBtn.waitForDisplayed is not a function
                    at LoginPage.clickOnLoginBtn (/home/automation/Desktop/webdriver_project/pages/loginpage.js:33:23)
                    at Context.&lt;anonymous> (/home/automation/Desktop/webdriver_project/test/login.spec.js:28:19)
                    at Context.executeAsync (/home/automation/Desktop/webdriver_project/node_modules/@wdio/mocha-framework/node_modules/@wdio/utils/build/shim.js:325:27)
                    at Context.testFrameworkFnWrapper (/home/automation/Desktop/webdriver_project/node_modules/@wdio/mocha-framework/node_modules/@wdio/utils/build/test-framework/testFnWrapper.js:45:32)</stack-trace>
            </failure>
        </test-case>
    </test-cases>
</ns2:test-suite>